<?xml version="1.0" encoding="UTF-8"?>
<testng-results ignored="0" total="1" passed="1" failed="0" skipped="0">
  <reporter-output>
  </reporter-output>
  <suite started-at="2019-09-06T13:59:25Z" name="Default suite" finished-at="2019-09-06T13:59:25Z" duration-ms="140">
    <groups>
    </groups>
    <test started-at="2019-09-06T13:59:25Z" name="Default test" finished-at="2019-09-06T13:59:25Z" duration-ms="140">
      <class name="fileCompression.Zip">
        <test-method signature="main()[pri:0, instance:fileCompression.Zip@50ad3bc1]" started-at="2019-09-06T13:59:25Z" name="main" finished-at="2019-09-06T13:59:25Z" duration-ms="125" status="PASS">
          <reporter-output>
          </reporter-output>
        </test-method> <!-- main -->
      </class> <!-- fileCompression.Zip -->
    </test> <!-- Default test -->
  </suite> <!-- Default suite -->
</testng-results>
